2017-10-18 17:40:15,523 - ResourceManager : found operation/op-javadoc.vm with loader middlegen.KindFileResourceLoader
2017-10-18 17:40:15,523 - ResourceManager : found operation/op-signature.vm with loader middlegen.KindFileResourceLoader
2017-10-18 17:40:15,523 - ResourceManager : found operation/opbody-select.vm with loader middlegen.KindFileResourceLoader
2017-10-18 17:40:15,523 - ResourceManager : found operation/op-select.vm with loader middlegen.KindFileResourceLoader
2017-10-18 17:40:15,523 - ResourceManager : found operation/op-javadoc.vm with loader middlegen.KindFileResourceLoader
2017-10-18 17:40:15,523 - ResourceManager : found operation/op-signature.vm with loader middlegen.KindFileResourceLoader
2017-10-18 17:40:15,523 - ResourceManager : found operation/opbody-select.vm with loader middlegen.KindFileResourceLoader
2017-10-18 17:40:15,523 - ResourceManager : found operation/op-select.vm with loader middlegen.KindFileResourceLoader
2017-10-18 17:40:15,523 - ResourceManager : found operation/op-javadoc.vm with loader middlegen.KindFileResourceLoader
2017-10-18 17:40:15,523 - ResourceManager : found operation/op-signature.vm with loader middlegen.KindFileResourceLoader
2017-10-18 17:40:15,533 - ResourceManager : found operation/opbody-select.vm with loader middlegen.KindFileResourceLoader
2017-10-18 17:40:15,533 - ResourceManager : found operation/op-select.vm with loader middlegen.KindFileResourceLoader
2017-10-18 17:40:15,533 - ResourceManager : found operation/op-javadoc.vm with loader middlegen.KindFileResourceLoader
2017-10-18 17:40:15,533 - ResourceManager : found operation/op-signature.vm with loader middlegen.KindFileResourceLoader
2017-10-18 17:40:15,533 - ResourceManager : found operation/opbody-select.vm with loader middlegen.KindFileResourceLoader
2017-10-18 17:40:15,533 - ResourceManager : found operation/op-select.vm with loader middlegen.KindFileResourceLoader
2017-10-18 17:40:15,533 - ResourceManager : found operation/op-javadoc.vm with loader middlegen.KindFileResourceLoader
2017-10-18 17:40:15,533 - ResourceManager : found operation/op-signature.vm with loader middlegen.KindFileResourceLoader
2017-10-18 17:40:15,533 - ResourceManager : found operation/opbody-select.vm with loader middlegen.KindFileResourceLoader
2017-10-18 17:40:15,543 - ResourceManager : found copyright.vm with loader middlegen.KindFileResourceLoader
2017-10-18 17:40:15,543 - ResourceManager : found description-java.vm with loader middlegen.KindFileResourceLoader
2017-10-18 17:40:15,543 - Null reference [template 'middlegen', line 23, column 13] : $Id cannot be resolved.
2017-10-18 17:40:15,543 - ResourceManager : found operation/op-select.vm with loader middlegen.KindFileResourceLoader
2017-10-18 17:40:15,543 - ResourceManager : found operation/op-javadoc.vm with loader middlegen.KindFileResourceLoader
2017-10-18 17:40:15,543 - ResourceManager : found operation/op-signature.vm with loader middlegen.KindFileResourceLoader
2017-10-18 17:40:15,543 - ResourceManager : found operation/opbody-select.vm with loader middlegen.KindFileResourceLoader
2017-10-18 17:40:15,543 - ResourceManager : found operation/op-update.vm with loader middlegen.KindFileResourceLoader
2017-10-18 17:40:15,543 - ResourceManager : found operation/op-javadoc.vm with loader middlegen.KindFileResourceLoader
2017-10-18 17:40:15,543 - ResourceManager : found operation/op-signature.vm with loader middlegen.KindFileResourceLoader
2017-10-18 17:40:15,543 - ResourceManager : found operation/opbody-update.vm with loader middlegen.KindFileResourceLoader
2017-10-18 17:40:15,543 - ResourceManager : found operation/op-select.vm with loader middlegen.KindFileResourceLoader
2017-10-18 17:40:15,543 - ResourceManager : found operation/op-javadoc.vm with loader middlegen.KindFileResourceLoader
2017-10-18 17:40:15,543 - ResourceManager : found operation/op-signature.vm with loader middlegen.KindFileResourceLoader
2017-10-18 17:40:15,543 - ResourceManager : found operation/opbody-select.vm with loader middlegen.KindFileResourceLoader
2017-10-18 17:40:15,553 - ResourceManager : found copyright.vm with loader middlegen.KindFileResourceLoader
2017-10-18 17:40:15,553 - ResourceManager : found description-java.vm with loader middlegen.KindFileResourceLoader
2017-10-18 17:40:15,553 - Null reference [template 'middlegen', line 23, column 13] : $Id cannot be resolved.
2017-10-18 17:40:15,553 - ResourceManager : found operation/op-insert.vm with loader middlegen.KindFileResourceLoader
2017-10-18 17:40:15,553 - ResourceManager : found operation/op-javadoc.vm with loader middlegen.KindFileResourceLoader
2017-10-18 17:40:15,553 - ResourceManager : found operation/op-signature.vm with loader middlegen.KindFileResourceLoader
2017-10-18 17:40:15,553 - ResourceManager : found operation/opbody-insert.vm with loader middlegen.KindFileResourceLoader
2017-10-18 17:40:15,553 - ResourceManager : found operation/op-select.vm with loader middlegen.KindFileResourceLoader
2017-10-18 17:40:15,553 - ResourceManager : found operation/op-javadoc.vm with loader middlegen.KindFileResourceLoader
2017-10-18 17:40:15,553 - ResourceManager : found operation/op-signature.vm with loader middlegen.KindFileResourceLoader
2017-10-18 17:40:15,553 - ResourceManager : found operation/opbody-select.vm with loader middlegen.KindFileResourceLoader
2017-10-18 17:40:15,553 - ResourceManager : found operation/op-select.vm with loader middlegen.KindFileResourceLoader
2017-10-18 17:40:15,553 - ResourceManager : found operation/op-javadoc.vm with loader middlegen.KindFileResourceLoader
2017-10-18 17:40:15,553 - ResourceManager : found operation/op-signature.vm with loader middlegen.KindFileResourceLoader
2017-10-18 17:40:15,553 - ResourceManager : found operation/opbody-select.vm with loader middlegen.KindFileResourceLoader
2017-10-18 17:40:15,563 - ResourceManager : found operation/op-select.vm with loader middlegen.KindFileResourceLoader
2017-10-18 17:40:15,563 - ResourceManager : found operation/op-javadoc.vm with loader middlegen.KindFileResourceLoader
2017-10-18 17:40:15,563 - ResourceManager : found operation/op-signature.vm with loader middlegen.KindFileResourceLoader
2017-10-18 17:40:15,563 - ResourceManager : found operation/opbody-select.vm with loader middlegen.KindFileResourceLoader
2017-10-18 17:40:15,563 - ResourceManager : found operation/op-select.vm with loader middlegen.KindFileResourceLoader
2017-10-18 17:40:15,563 - ResourceManager : found operation/op-javadoc.vm with loader middlegen.KindFileResourceLoader
2017-10-18 17:40:15,563 - ResourceManager : found operation/op-signature.vm with loader middlegen.KindFileResourceLoader
2017-10-18 17:40:15,563 - ResourceManager : found operation/opbody-select.vm with loader middlegen.KindFileResourceLoader
2017-10-18 17:40:15,563 - ResourceManager : found operation/op-select.vm with loader middlegen.KindFileResourceLoader
2017-10-18 17:40:15,563 - ResourceManager : found operation/op-javadoc.vm with loader middlegen.KindFileResourceLoader
2017-10-18 17:40:15,563 - ResourceManager : found operation/op-signature.vm with loader middlegen.KindFileResourceLoader
2017-10-18 17:40:15,563 - ResourceManager : found operation/opbody-select.vm with loader middlegen.KindFileResourceLoader
2017-10-18 17:40:15,563 - ResourceManager : found operation/op-select.vm with loader middlegen.KindFileResourceLoader
2017-10-18 17:40:15,563 - ResourceManager : found operation/op-javadoc.vm with loader middlegen.KindFileResourceLoader
2017-10-18 17:40:15,563 - ResourceManager : found operation/op-signature.vm with loader middlegen.KindFileResourceLoader
2017-10-18 17:40:15,563 - ResourceManager : found operation/opbody-select.vm with loader middlegen.KindFileResourceLoader
2017-10-18 17:40:15,563 - ResourceManager : found operation/op-select.vm with loader middlegen.KindFileResourceLoader
2017-10-18 17:40:15,563 - ResourceManager : found operation/op-javadoc.vm with loader middlegen.KindFileResourceLoader
2017-10-18 17:40:15,573 - ResourceManager : found operation/op-signature.vm with loader middlegen.KindFileResourceLoader
2017-10-18 17:40:15,573 - ResourceManager : found operation/opbody-select.vm with loader middlegen.KindFileResourceLoader
2017-10-18 17:40:15,573 - ResourceManager : found operation/op-delete.vm with loader middlegen.KindFileResourceLoader
2017-10-18 17:40:15,573 - ResourceManager : found operation/op-javadoc.vm with loader middlegen.KindFileResourceLoader
2017-10-18 17:40:15,573 - ResourceManager : found operation/op-signature.vm with loader middlegen.KindFileResourceLoader
2017-10-18 17:40:15,573 - ResourceManager : found operation/opbody-delete.vm with loader middlegen.KindFileResourceLoader
2017-10-18 17:40:15,573 - ResourceManager : found copyright.vm with loader middlegen.KindFileResourceLoader
2017-10-18 17:40:15,573 - ResourceManager : found description-java.vm with loader middlegen.KindFileResourceLoader
2017-10-18 17:40:15,573 - Null reference [template 'middlegen', line 23, column 13] : $Id cannot be resolved.
2017-10-18 17:40:15,573 - ResourceManager : found operation/op-select.vm with loader middlegen.KindFileResourceLoader
2017-10-18 17:40:15,573 - ResourceManager : found operation/op-javadoc.vm with loader middlegen.KindFileResourceLoader
2017-10-18 17:40:15,573 - ResourceManager : found operation/op-signature.vm with loader middlegen.KindFileResourceLoader
2017-10-18 17:40:15,573 - ResourceManager : found operation/opbody-select.vm with loader middlegen.KindFileResourceLoader
2017-10-18 17:40:15,583 - ResourceManager : found copyright.vm with loader middlegen.KindFileResourceLoader
2017-10-18 17:40:15,583 - ResourceManager : found description-java.vm with loader middlegen.KindFileResourceLoader
2017-10-18 17:40:15,583 - Null reference [template 'middlegen', line 23, column 13] : $Id cannot be resolved.
2017-10-18 17:40:15,583 - ResourceManager : found operation/op-select.vm with loader middlegen.KindFileResourceLoader
2017-10-18 17:40:15,583 - ResourceManager : found operation/op-javadoc.vm with loader middlegen.KindFileResourceLoader
2017-10-18 17:40:15,583 - ResourceManager : found operation/op-signature.vm with loader middlegen.KindFileResourceLoader
2017-10-18 17:40:15,583 - ResourceManager : found operation/opbody-select.vm with loader middlegen.KindFileResourceLoader
2017-10-18 17:40:15,583 - ResourceManager : found operation/op-insert.vm with loader middlegen.KindFileResourceLoader
2017-10-18 17:40:15,583 - ResourceManager : found operation/op-javadoc.vm with loader middlegen.KindFileResourceLoader
2017-10-18 17:40:15,583 - ResourceManager : found operation/op-signature.vm with loader middlegen.KindFileResourceLoader
2017-10-18 17:40:15,583 - ResourceManager : found operation/opbody-insert.vm with loader middlegen.KindFileResourceLoader
2017-10-18 17:40:15,583 - ResourceManager : found operation/op-select.vm with loader middlegen.KindFileResourceLoader
2017-10-18 17:40:15,583 - ResourceManager : found operation/op-javadoc.vm with loader middlegen.KindFileResourceLoader
2017-10-18 17:40:15,583 - ResourceManager : found operation/op-signature.vm with loader middlegen.KindFileResourceLoader
2017-10-18 17:40:15,583 - ResourceManager : found operation/opbody-select.vm with loader middlegen.KindFileResourceLoader
2017-10-18 17:40:15,593 - ResourceManager : found copyright.vm with loader middlegen.KindFileResourceLoader
2017-10-18 17:40:15,593 - ResourceManager : found description-java.vm with loader middlegen.KindFileResourceLoader
2017-10-18 17:40:15,593 - Null reference [template 'middlegen', line 23, column 13] : $Id cannot be resolved.
2017-10-18 17:40:15,593 - ResourceManager : found operation/op-insert.vm with loader middlegen.KindFileResourceLoader
2017-10-18 17:40:15,593 - ResourceManager : found operation/op-javadoc.vm with loader middlegen.KindFileResourceLoader
2017-10-18 17:40:15,593 - ResourceManager : found operation/op-signature.vm with loader middlegen.KindFileResourceLoader
2017-10-18 17:40:15,593 - ResourceManager : found operation/opbody-insert.vm with loader middlegen.KindFileResourceLoader
