2017-10-10 12:59:51,399 - Log4JLogChute initialized using file 'velocity.log'
2017-10-10 12:59:51,400 - Starting Apache Velocity v1.6.3 (compiled: 2009-12-07 15:40:14)
2017-10-10 12:59:51,400 - Default Properties File: org\apache\velocity\runtime\defaults\velocity.properties
2017-10-10 12:59:51,400 - Trying to use logger class org.apache.velocity.runtime.log.AvalonLogChute
2017-10-10 12:59:51,400 - Target log system for org.apache.velocity.runtime.log.AvalonLogChute is not available (java.lang.NoClassDefFoundError: org/apache/log/format/Formatter).  Falling back to next log system...
2017-10-10 12:59:51,400 - Trying to use logger class org.apache.velocity.runtime.log.Log4JLogChute
2017-10-10 12:59:51,400 - Using logger class org.apache.velocity.runtime.log.Log4JLogChute
2017-10-10 12:59:51,404 - ResourceLoader instantiated: org.apache.velocity.runtime.resource.loader.FileResourceLoader
2017-10-10 12:59:51,405 - Do unicode file recognition:  false
2017-10-10 12:59:51,405 - FileResourceLoader : adding path '.'
2017-10-10 12:59:51,415 - ResourceCache: initialized (class org.apache.velocity.runtime.resource.ResourceCacheImpl) with class java.util.Collections$SynchronizedMap cache map.
2017-10-10 12:59:51,416 - Loaded System Directive: org.apache.velocity.runtime.directive.Define
2017-10-10 12:59:51,417 - Loaded System Directive: org.apache.velocity.runtime.directive.Break
2017-10-10 12:59:51,418 - Loaded System Directive: org.apache.velocity.runtime.directive.Evaluate
2017-10-10 12:59:51,418 - Loaded System Directive: org.apache.velocity.runtime.directive.Literal
2017-10-10 12:59:51,419 - Loaded System Directive: org.apache.velocity.runtime.directive.Macro
2017-10-10 12:59:51,420 - Loaded System Directive: org.apache.velocity.runtime.directive.Parse
2017-10-10 12:59:51,421 - Loaded System Directive: org.apache.velocity.runtime.directive.Include
2017-10-10 12:59:51,422 - Loaded System Directive: org.apache.velocity.runtime.directive.Foreach
2017-10-10 12:59:51,442 - Created '20' parsers.
2017-10-10 12:59:51,449 - Velocimacro : "velocimacro.library" is not set.  Trying default library: VM_global_library.vm
2017-10-10 12:59:51,450 - Velocimacro : Default library not found.
2017-10-10 12:59:51,450 - Velocimacro : allowInline = true : VMs can be defined inline in templates
2017-10-10 12:59:51,450 - Velocimacro : allowInlineToOverride = false : VMs defined inline may NOT replace previous VM definitions
2017-10-10 12:59:51,450 - Velocimacro : allowInlineLocal = false : VMs defined inline will be global in scope if allowed.
2017-10-10 12:59:51,450 - Velocimacro : autoload off : VM system will not automatically reload global library macros
2017-10-10 13:00:38,245 - Log4JLogChute initialized using file 'velocity.log'
2017-10-10 13:00:38,245 - Starting Apache Velocity v1.6.3 (compiled: 2009-12-07 15:40:14)
2017-10-10 13:00:38,245 - Default Properties File: org\apache\velocity\runtime\defaults\velocity.properties
2017-10-10 13:00:38,245 - Trying to use logger class org.apache.velocity.runtime.log.AvalonLogChute
2017-10-10 13:00:38,245 - Target log system for org.apache.velocity.runtime.log.AvalonLogChute is not available (java.lang.NoClassDefFoundError: org/apache/log/format/Formatter).  Falling back to next log system...
2017-10-10 13:00:38,245 - Trying to use logger class org.apache.velocity.runtime.log.Log4JLogChute
2017-10-10 13:00:38,245 - Using logger class org.apache.velocity.runtime.log.Log4JLogChute
2017-10-10 13:00:38,250 - ResourceLoader instantiated: org.apache.velocity.runtime.resource.loader.FileResourceLoader
2017-10-10 13:00:38,251 - Do unicode file recognition:  false
2017-10-10 13:00:38,251 - FileResourceLoader : adding path '.'
2017-10-10 13:00:38,261 - ResourceCache: initialized (class org.apache.velocity.runtime.resource.ResourceCacheImpl) with class java.util.Collections$SynchronizedMap cache map.
2017-10-10 13:00:38,262 - Loaded System Directive: org.apache.velocity.runtime.directive.Define
2017-10-10 13:00:38,263 - Loaded System Directive: org.apache.velocity.runtime.directive.Break
2017-10-10 13:00:38,264 - Loaded System Directive: org.apache.velocity.runtime.directive.Evaluate
2017-10-10 13:00:38,264 - Loaded System Directive: org.apache.velocity.runtime.directive.Literal
2017-10-10 13:00:38,265 - Loaded System Directive: org.apache.velocity.runtime.directive.Macro
2017-10-10 13:00:38,266 - Loaded System Directive: org.apache.velocity.runtime.directive.Parse
2017-10-10 13:00:38,268 - Loaded System Directive: org.apache.velocity.runtime.directive.Include
2017-10-10 13:00:38,268 - Loaded System Directive: org.apache.velocity.runtime.directive.Foreach
2017-10-10 13:00:38,290 - Created '20' parsers.
2017-10-10 13:00:38,297 - Velocimacro : "velocimacro.library" is not set.  Trying default library: VM_global_library.vm
2017-10-10 13:00:38,297 - Velocimacro : Default library not found.
2017-10-10 13:00:38,297 - Velocimacro : allowInline = true : VMs can be defined inline in templates
2017-10-10 13:00:38,297 - Velocimacro : allowInlineToOverride = false : VMs defined inline may NOT replace previous VM definitions
2017-10-10 13:00:38,298 - Velocimacro : allowInlineLocal = false : VMs defined inline will be global in scope if allowed.
2017-10-10 13:00:38,298 - Velocimacro : autoload off : VM system will not automatically reload global library macros
2017-10-10 13:01:01,841 - Log4JLogChute initialized using file 'velocity.log'
2017-10-10 13:01:01,841 - Starting Apache Velocity v1.6.3 (compiled: 2009-12-07 15:40:14)
2017-10-10 13:01:01,841 - Default Properties File: org\apache\velocity\runtime\defaults\velocity.properties
2017-10-10 13:01:01,841 - Trying to use logger class org.apache.velocity.runtime.log.AvalonLogChute
2017-10-10 13:01:01,841 - Target log system for org.apache.velocity.runtime.log.AvalonLogChute is not available (java.lang.NoClassDefFoundError: org/apache/log/format/Formatter).  Falling back to next log system...
2017-10-10 13:01:01,841 - Trying to use logger class org.apache.velocity.runtime.log.Log4JLogChute
2017-10-10 13:01:01,841 - Using logger class org.apache.velocity.runtime.log.Log4JLogChute
2017-10-10 13:01:01,846 - ResourceLoader instantiated: org.apache.velocity.runtime.resource.loader.FileResourceLoader
2017-10-10 13:01:01,847 - Do unicode file recognition:  false
2017-10-10 13:01:01,847 - FileResourceLoader : adding path '.'
2017-10-10 13:01:01,858 - ResourceCache: initialized (class org.apache.velocity.runtime.resource.ResourceCacheImpl) with class java.util.Collections$SynchronizedMap cache map.
2017-10-10 13:01:01,859 - Loaded System Directive: org.apache.velocity.runtime.directive.Define
2017-10-10 13:01:01,860 - Loaded System Directive: org.apache.velocity.runtime.directive.Break
2017-10-10 13:01:01,860 - Loaded System Directive: org.apache.velocity.runtime.directive.Evaluate
2017-10-10 13:01:01,861 - Loaded System Directive: org.apache.velocity.runtime.directive.Literal
2017-10-10 13:01:01,862 - Loaded System Directive: org.apache.velocity.runtime.directive.Macro
2017-10-10 13:01:01,863 - Loaded System Directive: org.apache.velocity.runtime.directive.Parse
2017-10-10 13:01:01,864 - Loaded System Directive: org.apache.velocity.runtime.directive.Include
2017-10-10 13:01:01,865 - Loaded System Directive: org.apache.velocity.runtime.directive.Foreach
2017-10-10 13:01:01,885 - Created '20' parsers.
2017-10-10 13:01:01,893 - Velocimacro : "velocimacro.library" is not set.  Trying default library: VM_global_library.vm
2017-10-10 13:01:01,893 - Velocimacro : Default library not found.
2017-10-10 13:01:01,893 - Velocimacro : allowInline = true : VMs can be defined inline in templates
2017-10-10 13:01:01,893 - Velocimacro : allowInlineToOverride = false : VMs defined inline may NOT replace previous VM definitions
2017-10-10 13:01:01,893 - Velocimacro : allowInlineLocal = false : VMs defined inline will be global in scope if allowed.
2017-10-10 13:01:01,893 - Velocimacro : autoload off : VM system will not automatically reload global library macros
2017-10-10 13:01:56,163 - Log4JLogChute initialized using file 'velocity.log'
2017-10-10 13:01:56,163 - Starting Apache Velocity v1.6.3 (compiled: 2009-12-07 15:40:14)
2017-10-10 13:01:56,164 - Default Properties File: org\apache\velocity\runtime\defaults\velocity.properties
2017-10-10 13:01:56,164 - Trying to use logger class org.apache.velocity.runtime.log.AvalonLogChute
2017-10-10 13:01:56,164 - Target log system for org.apache.velocity.runtime.log.AvalonLogChute is not available (java.lang.NoClassDefFoundError: org/apache/log/format/Formatter).  Falling back to next log system...
2017-10-10 13:01:56,164 - Trying to use logger class org.apache.velocity.runtime.log.Log4JLogChute
2017-10-10 13:01:56,164 - Using logger class org.apache.velocity.runtime.log.Log4JLogChute
2017-10-10 13:01:56,168 - ResourceLoader instantiated: org.apache.velocity.runtime.resource.loader.FileResourceLoader
2017-10-10 13:01:56,169 - Do unicode file recognition:  false
2017-10-10 13:01:56,169 - FileResourceLoader : adding path '.'
2017-10-10 13:01:56,179 - ResourceCache: initialized (class org.apache.velocity.runtime.resource.ResourceCacheImpl) with class java.util.Collections$SynchronizedMap cache map.
2017-10-10 13:01:56,180 - Loaded System Directive: org.apache.velocity.runtime.directive.Define
2017-10-10 13:01:56,181 - Loaded System Directive: org.apache.velocity.runtime.directive.Break
2017-10-10 13:01:56,182 - Loaded System Directive: org.apache.velocity.runtime.directive.Evaluate
2017-10-10 13:01:56,182 - Loaded System Directive: org.apache.velocity.runtime.directive.Literal
2017-10-10 13:01:56,183 - Loaded System Directive: org.apache.velocity.runtime.directive.Macro
2017-10-10 13:01:56,184 - Loaded System Directive: org.apache.velocity.runtime.directive.Parse
2017-10-10 13:01:56,185 - Loaded System Directive: org.apache.velocity.runtime.directive.Include
2017-10-10 13:01:56,186 - Loaded System Directive: org.apache.velocity.runtime.directive.Foreach
2017-10-10 13:01:56,206 - Created '20' parsers.
2017-10-10 13:01:56,213 - Velocimacro : "velocimacro.library" is not set.  Trying default library: VM_global_library.vm
2017-10-10 13:01:56,213 - Velocimacro : Default library not found.
2017-10-10 13:01:56,214 - Velocimacro : allowInline = true : VMs can be defined inline in templates
2017-10-10 13:01:56,214 - Velocimacro : allowInlineToOverride = false : VMs defined inline may NOT replace previous VM definitions
2017-10-10 13:01:56,214 - Velocimacro : allowInlineLocal = false : VMs defined inline will be global in scope if allowed.
2017-10-10 13:01:56,214 - Velocimacro : autoload off : VM system will not automatically reload global library macros
2017-10-10 13:13:47,290 - Log4JLogChute initialized using file 'velocity.log'
2017-10-10 13:13:47,290 - Starting Apache Velocity v1.6.3 (compiled: 2009-12-07 15:40:14)
2017-10-10 13:13:47,290 - Default Properties File: org\apache\velocity\runtime\defaults\velocity.properties
2017-10-10 13:13:47,290 - Trying to use logger class org.apache.velocity.runtime.log.AvalonLogChute
2017-10-10 13:13:47,290 - Target log system for org.apache.velocity.runtime.log.AvalonLogChute is not available (java.lang.NoClassDefFoundError: org/apache/log/format/Formatter).  Falling back to next log system...
2017-10-10 13:13:47,290 - Trying to use logger class org.apache.velocity.runtime.log.Log4JLogChute
2017-10-10 13:13:47,290 - Using logger class org.apache.velocity.runtime.log.Log4JLogChute
2017-10-10 13:13:47,294 - ResourceLoader instantiated: org.apache.velocity.runtime.resource.loader.FileResourceLoader
2017-10-10 13:13:47,295 - Do unicode file recognition:  false
2017-10-10 13:13:47,295 - FileResourceLoader : adding path '.'
2017-10-10 13:13:47,305 - ResourceCache: initialized (class org.apache.velocity.runtime.resource.ResourceCacheImpl) with class java.util.Collections$SynchronizedMap cache map.
2017-10-10 13:13:47,306 - Loaded System Directive: org.apache.velocity.runtime.directive.Define
2017-10-10 13:13:47,307 - Loaded System Directive: org.apache.velocity.runtime.directive.Break
2017-10-10 13:13:47,308 - Loaded System Directive: org.apache.velocity.runtime.directive.Evaluate
2017-10-10 13:13:47,308 - Loaded System Directive: org.apache.velocity.runtime.directive.Literal
2017-10-10 13:13:47,309 - Loaded System Directive: org.apache.velocity.runtime.directive.Macro
2017-10-10 13:13:47,310 - Loaded System Directive: org.apache.velocity.runtime.directive.Parse
2017-10-10 13:13:47,311 - Loaded System Directive: org.apache.velocity.runtime.directive.Include
2017-10-10 13:13:47,312 - Loaded System Directive: org.apache.velocity.runtime.directive.Foreach
2017-10-10 13:13:47,329 - Created '20' parsers.
2017-10-10 13:13:47,335 - Velocimacro : "velocimacro.library" is not set.  Trying default library: VM_global_library.vm
2017-10-10 13:13:47,335 - Velocimacro : Default library not found.
2017-10-10 13:13:47,335 - Velocimacro : allowInline = true : VMs can be defined inline in templates
2017-10-10 13:13:47,335 - Velocimacro : allowInlineToOverride = false : VMs defined inline may NOT replace previous VM definitions
2017-10-10 13:13:47,335 - Velocimacro : allowInlineLocal = false : VMs defined inline will be global in scope if allowed.
2017-10-10 13:13:47,335 - Velocimacro : autoload off : VM system will not automatically reload global library macros
2017-10-10 13:14:55,044 - Log4JLogChute initialized using file 'velocity.log'
2017-10-10 13:14:55,044 - Starting Apache Velocity v1.6.3 (compiled: 2009-12-07 15:40:14)
2017-10-10 13:14:55,044 - Default Properties File: org\apache\velocity\runtime\defaults\velocity.properties
2017-10-10 13:14:55,044 - Trying to use logger class org.apache.velocity.runtime.log.AvalonLogChute
2017-10-10 13:14:55,044 - Target log system for org.apache.velocity.runtime.log.AvalonLogChute is not available (java.lang.NoClassDefFoundError: org/apache/log/format/Formatter).  Falling back to next log system...
2017-10-10 13:14:55,044 - Trying to use logger class org.apache.velocity.runtime.log.Log4JLogChute
2017-10-10 13:14:55,044 - Using logger class org.apache.velocity.runtime.log.Log4JLogChute
2017-10-10 13:14:55,048 - ResourceLoader instantiated: org.apache.velocity.runtime.resource.loader.FileResourceLoader
2017-10-10 13:14:55,049 - Do unicode file recognition:  false
2017-10-10 13:14:55,049 - FileResourceLoader : adding path '.'
2017-10-10 13:14:55,059 - ResourceCache: initialized (class org.apache.velocity.runtime.resource.ResourceCacheImpl) with class java.util.Collections$SynchronizedMap cache map.
2017-10-10 13:14:55,060 - Loaded System Directive: org.apache.velocity.runtime.directive.Define
2017-10-10 13:14:55,061 - Loaded System Directive: org.apache.velocity.runtime.directive.Break
2017-10-10 13:14:55,061 - Loaded System Directive: org.apache.velocity.runtime.directive.Evaluate
2017-10-10 13:14:55,062 - Loaded System Directive: org.apache.velocity.runtime.directive.Literal
2017-10-10 13:14:55,063 - Loaded System Directive: org.apache.velocity.runtime.directive.Macro
2017-10-10 13:14:55,064 - Loaded System Directive: org.apache.velocity.runtime.directive.Parse
2017-10-10 13:14:55,065 - Loaded System Directive: org.apache.velocity.runtime.directive.Include
2017-10-10 13:14:55,065 - Loaded System Directive: org.apache.velocity.runtime.directive.Foreach
2017-10-10 13:14:55,083 - Created '20' parsers.
2017-10-10 13:14:55,088 - Velocimacro : "velocimacro.library" is not set.  Trying default library: VM_global_library.vm
2017-10-10 13:14:55,088 - Velocimacro : Default library not found.
2017-10-10 13:14:55,088 - Velocimacro : allowInline = true : VMs can be defined inline in templates
2017-10-10 13:14:55,088 - Velocimacro : allowInlineToOverride = false : VMs defined inline may NOT replace previous VM definitions
2017-10-10 13:14:55,088 - Velocimacro : allowInlineLocal = false : VMs defined inline will be global in scope if allowed.
2017-10-10 13:14:55,088 - Velocimacro : autoload off : VM system will not automatically reload global library macros
2017-10-10 13:16:35,731 - Log4JLogChute initialized using file 'velocity.log'
2017-10-10 13:16:35,732 - Starting Apache Velocity v1.6.3 (compiled: 2009-12-07 15:40:14)
2017-10-10 13:16:35,732 - Default Properties File: org\apache\velocity\runtime\defaults\velocity.properties
2017-10-10 13:16:35,732 - Trying to use logger class org.apache.velocity.runtime.log.AvalonLogChute
2017-10-10 13:16:35,732 - Target log system for org.apache.velocity.runtime.log.AvalonLogChute is not available (java.lang.NoClassDefFoundError: org/apache/log/format/Formatter).  Falling back to next log system...
2017-10-10 13:16:35,732 - Trying to use logger class org.apache.velocity.runtime.log.Log4JLogChute
2017-10-10 13:16:35,732 - Using logger class org.apache.velocity.runtime.log.Log4JLogChute
2017-10-10 13:16:35,736 - ResourceLoader instantiated: org.apache.velocity.runtime.resource.loader.FileResourceLoader
2017-10-10 13:16:35,737 - Do unicode file recognition:  false
2017-10-10 13:16:35,737 - FileResourceLoader : adding path '.'
2017-10-10 13:16:35,746 - ResourceCache: initialized (class org.apache.velocity.runtime.resource.ResourceCacheImpl) with class java.util.Collections$SynchronizedMap cache map.
2017-10-10 13:16:35,747 - Loaded System Directive: org.apache.velocity.runtime.directive.Define
2017-10-10 13:16:35,748 - Loaded System Directive: org.apache.velocity.runtime.directive.Break
2017-10-10 13:16:35,749 - Loaded System Directive: org.apache.velocity.runtime.directive.Evaluate
2017-10-10 13:16:35,749 - Loaded System Directive: org.apache.velocity.runtime.directive.Literal
2017-10-10 13:16:35,750 - Loaded System Directive: org.apache.velocity.runtime.directive.Macro
2017-10-10 13:16:35,751 - Loaded System Directive: org.apache.velocity.runtime.directive.Parse
2017-10-10 13:16:35,752 - Loaded System Directive: org.apache.velocity.runtime.directive.Include
2017-10-10 13:16:35,753 - Loaded System Directive: org.apache.velocity.runtime.directive.Foreach
2017-10-10 13:16:35,771 - Created '20' parsers.
2017-10-10 13:16:35,777 - Velocimacro : "velocimacro.library" is not set.  Trying default library: VM_global_library.vm
2017-10-10 13:16:35,777 - Velocimacro : Default library not found.
2017-10-10 13:16:35,777 - Velocimacro : allowInline = true : VMs can be defined inline in templates
2017-10-10 13:16:35,777 - Velocimacro : allowInlineToOverride = false : VMs defined inline may NOT replace previous VM definitions
2017-10-10 13:16:35,777 - Velocimacro : allowInlineLocal = false : VMs defined inline will be global in scope if allowed.
2017-10-10 13:16:35,777 - Velocimacro : autoload off : VM system will not automatically reload global library macros
2017-10-10 13:18:08,149 - Log4JLogChute initialized using file 'velocity.log'
2017-10-10 13:18:08,149 - Starting Apache Velocity v1.6.3 (compiled: 2009-12-07 15:40:14)
2017-10-10 13:18:08,149 - Default Properties File: org\apache\velocity\runtime\defaults\velocity.properties
2017-10-10 13:18:08,149 - Trying to use logger class org.apache.velocity.runtime.log.AvalonLogChute
2017-10-10 13:18:08,149 - Target log system for org.apache.velocity.runtime.log.AvalonLogChute is not available (java.lang.NoClassDefFoundError: org/apache/log/format/Formatter).  Falling back to next log system...
2017-10-10 13:18:08,149 - Trying to use logger class org.apache.velocity.runtime.log.Log4JLogChute
2017-10-10 13:18:08,149 - Using logger class org.apache.velocity.runtime.log.Log4JLogChute
2017-10-10 13:18:08,153 - ResourceLoader instantiated: org.apache.velocity.runtime.resource.loader.FileResourceLoader
2017-10-10 13:18:08,154 - Do unicode file recognition:  false
2017-10-10 13:18:08,154 - FileResourceLoader : adding path '.'
2017-10-10 13:18:08,164 - ResourceCache: initialized (class org.apache.velocity.runtime.resource.ResourceCacheImpl) with class java.util.Collections$SynchronizedMap cache map.
2017-10-10 13:18:08,165 - Loaded System Directive: org.apache.velocity.runtime.directive.Define
2017-10-10 13:18:08,166 - Loaded System Directive: org.apache.velocity.runtime.directive.Break
2017-10-10 13:18:08,166 - Loaded System Directive: org.apache.velocity.runtime.directive.Evaluate
2017-10-10 13:18:08,167 - Loaded System Directive: org.apache.velocity.runtime.directive.Literal
2017-10-10 13:18:08,168 - Loaded System Directive: org.apache.velocity.runtime.directive.Macro
2017-10-10 13:18:08,169 - Loaded System Directive: org.apache.velocity.runtime.directive.Parse
2017-10-10 13:18:08,170 - Loaded System Directive: org.apache.velocity.runtime.directive.Include
2017-10-10 13:18:08,171 - Loaded System Directive: org.apache.velocity.runtime.directive.Foreach
2017-10-10 13:18:08,189 - Created '20' parsers.
2017-10-10 13:18:08,194 - Velocimacro : "velocimacro.library" is not set.  Trying default library: VM_global_library.vm
2017-10-10 13:18:08,194 - Velocimacro : Default library not found.
2017-10-10 13:18:08,195 - Velocimacro : allowInline = true : VMs can be defined inline in templates
2017-10-10 13:18:08,195 - Velocimacro : allowInlineToOverride = false : VMs defined inline may NOT replace previous VM definitions
2017-10-10 13:18:08,195 - Velocimacro : allowInlineLocal = false : VMs defined inline will be global in scope if allowed.
2017-10-10 13:18:08,195 - Velocimacro : autoload off : VM system will not automatically reload global library macros
2017-10-10 13:20:30,894 - Log4JLogChute initialized using file 'velocity.log'
2017-10-10 13:20:30,894 - Starting Apache Velocity v1.6.3 (compiled: 2009-12-07 15:40:14)
2017-10-10 13:20:30,894 - Default Properties File: org\apache\velocity\runtime\defaults\velocity.properties
2017-10-10 13:20:30,894 - Trying to use logger class org.apache.velocity.runtime.log.AvalonLogChute
2017-10-10 13:20:30,894 - Target log system for org.apache.velocity.runtime.log.AvalonLogChute is not available (java.lang.NoClassDefFoundError: org/apache/log/format/Formatter).  Falling back to next log system...
2017-10-10 13:20:30,894 - Trying to use logger class org.apache.velocity.runtime.log.Log4JLogChute
2017-10-10 13:20:30,894 - Using logger class org.apache.velocity.runtime.log.Log4JLogChute
2017-10-10 13:20:30,898 - ResourceLoader instantiated: org.apache.velocity.runtime.resource.loader.FileResourceLoader
2017-10-10 13:20:30,899 - Do unicode file recognition:  false
2017-10-10 13:20:30,899 - FileResourceLoader : adding path '.'
2017-10-10 13:20:30,909 - ResourceCache: initialized (class org.apache.velocity.runtime.resource.ResourceCacheImpl) with class java.util.Collections$SynchronizedMap cache map.
2017-10-10 13:20:30,910 - Loaded System Directive: org.apache.velocity.runtime.directive.Define
2017-10-10 13:20:30,911 - Loaded System Directive: org.apache.velocity.runtime.directive.Break
2017-10-10 13:20:30,911 - Loaded System Directive: org.apache.velocity.runtime.directive.Evaluate
2017-10-10 13:20:30,912 - Loaded System Directive: org.apache.velocity.runtime.directive.Literal
2017-10-10 13:20:30,913 - Loaded System Directive: org.apache.velocity.runtime.directive.Macro
2017-10-10 13:20:30,914 - Loaded System Directive: org.apache.velocity.runtime.directive.Parse
2017-10-10 13:20:30,915 - Loaded System Directive: org.apache.velocity.runtime.directive.Include
2017-10-10 13:20:30,915 - Loaded System Directive: org.apache.velocity.runtime.directive.Foreach
2017-10-10 13:20:30,935 - Created '20' parsers.
2017-10-10 13:20:30,940 - Velocimacro : "velocimacro.library" is not set.  Trying default library: VM_global_library.vm
2017-10-10 13:20:30,940 - Velocimacro : Default library not found.
2017-10-10 13:20:30,940 - Velocimacro : allowInline = true : VMs can be defined inline in templates
2017-10-10 13:20:30,940 - Velocimacro : allowInlineToOverride = false : VMs defined inline may NOT replace previous VM definitions
2017-10-10 13:20:30,940 - Velocimacro : allowInlineLocal = false : VMs defined inline will be global in scope if allowed.
2017-10-10 13:20:30,940 - Velocimacro : autoload off : VM system will not automatically reload global library macros
